===================================
POETRY PROJECT REPORT
Generated: 2025-02-25 00:46:54
===================================


=== DEPENDENCIES (poetry lock & install) ===



=== INSTALLED PACKAGES (poetry show) ===

cffi              1.17.1 Foreign Function Interface for Python calling C code.
coverage          7.6.12 Code coverage measurement for Python
iniconfig         2.0.0  brain-dead simple config-ini parsing
numpy             2.2.3  Fundamental package for array computing in Python
packaging         24.2   Core utilities for Python packages
pluggy            1.5.0  plugin and hook calling mechanisms for python
pycparser         2.22   C parser in Python
pytest            8.3.4  pytest: simple powerful testing with Python
pytest-cov        6.0.0  Pytest plugin for measuring coverage.
scipy             1.15.2 Fundamental algorithms for scientific computing in...
tcod              16.2.3 The official Python port of libtcod.
typing-extensions 4.12.2 Backported and Experimental Type Hints for Python ...


=== ENVIRONMENT INFORMATION (poetry env info) ===


Virtualenv
Python:         3.12.9
Implementation: CPython
Path:           /home/user/.cache/pypoetry/virtualenvs/proto-island-jz_o8MaH-py3.12
Executable:     /home/user/.cache/pypoetry/virtualenvs/proto-island-jz_o8MaH-py3.12/bin/python
Valid:          True

Base
Platform:   linux
OS:         posix
Python:     3.12.9
Path:       /home/user/.pyenv/versions/3.12.9
Executable: /home/user/.pyenv/versions/3.12.9/bin/python3.12


=== TEST RESULTS (poetry run pytest) ===

============================= test session starts ==============================
platform linux -- Python 3.12.9, pytest-8.3.4, pluggy-1.5.0 -- /home/user/.cache/pypoetry/virtualenvs/proto-island-jz_o8MaH-py3.12/bin/python
cachedir: .pytest_cache
rootdir: /home/user/Dev/proto_island
configfile: pyproject.toml
testpaths: tests
plugins: cov-6.0.0
collecting ... collected 56 items

tests/test_cave.py::test_cave_generator_initialization PASSED            [  1%]
tests/test_cave.py::test_cave_generation PASSED                          [  3%]
tests/test_cave.py::test_cave_connectivity PASSED                        [  5%]
tests/test_cave.py::test_cave_integration PASSED                         [  7%]
tests/test_cave.py::test_cave_entrance_generation PASSED                 [  8%]
tests/test_lighting.py::test_lighting_system_initialization PASSED       [ 10%]
tests/test_lighting.py::test_natural_light_day_cycle PASSED              [ 12%]
tests/test_lighting.py::test_surface_reflectivity PASSED                 [ 14%]
tests/test_lighting.py::test_light_level_bounds PASSED                   [ 16%]
tests/test_lighting.py::test_get_light_level PASSED                      [ 17%]
tests/test_map.py::test_map_initialization PASSED                        [ 19%]
tests/test_map.py::test_terrain_types PASSED                             [ 21%]
tests/test_map.py::test_map_bounds PASSED                                [ 23%]
tests/test_map.py::test_terrain_generation PASSED                        [ 25%]
tests/test_map.py::test_terrain_features PASSED                          [ 26%]
tests/test_map.py::test_lighting_integration PASSED                      [ 28%]
tests/test_map.py::test_terrain_lighting_interaction PASSED              [ 30%]
tests/test_map.py::TestZLevels::test_z_level_initialization PASSED       [ 32%]
tests/test_map.py::TestZLevels::test_z_level_navigation PASSED           [ 33%]
tests/test_map.py::TestZLevels::test_z_level_state_persistence PASSED    [ 35%]
tests/test_map.py::TestZLevels::test_z_level_connectivity PASSED         [ 37%]
tests/test_multi_floor_buildings.py::TestMultiFloorBuildings::test_multi_floor_building_generation PASSED [ 39%]
tests/test_multi_floor_buildings.py::TestMultiFloorBuildings::test_variable_floor_sizes FAILED [ 41%]
tests/test_multi_floor_buildings.py::TestMultiFloorBuildings::test_map_integration PASSED [ 42%]
tests/test_multi_floor_buildings.py::TestMultiFloorBuildings::test_artificial_lighting_at_staircases PASSED [ 44%]
tests/test_multi_floor_buildings.py::TestMultiFloorBuildings::test_different_structure_types PASSED [ 46%]
tests/test_structure.py::TestStructureGenerator::test_structure_generator_initialization PASSED [ 48%]
tests/test_structure.py::TestStructureGenerator::test_structure_type_enum PASSED [ 50%]
tests/test_structure.py::TestStructureGenerator::test_building_placement_constraints PASSED [ 51%]
tests/test_structure.py::TestStructureGenerator::test_bsp_generation PASSED [ 53%]
tests/test_structure.py::TestStructureGenerator::test_structure_connectivity PASSED [ 55%]
tests/test_structure.py::TestStructureGenerator::test_map_integration PASSED [ 57%]
tests/test_structure.py::TestStructureGenerator::test_artificial_light_sources PASSED [ 58%]
tests/test_time.py::test_time_system_initialization PASSED               [ 60%]
tests/test_time.py::test_time_advancement PASSED                         [ 62%]
tests/test_time.py::test_multi_day_advancement PASSED                    [ 64%]
tests/test_time.py::test_daylight_factor PASSED                          [ 66%]
tests/test_time.py::test_moon_illumination PASSED                        [ 67%]
tests/test_time.py::test_weather_light_modifier PASSED                   [ 69%]
tests/test_time.py::test_moon_phase_advancement PASSED                   [ 71%]
tests/test_time.py::test_weather_transition PASSED                       [ 73%]
tests/test_time.py::test_get_star_positions PASSED                       [ 75%]
tests/test_time_coverage.py::test_weather_selection_with_controlled_randomness PASSED [ 76%]
tests/test_time_coverage.py::test_weather_weights_for_all_conditions PASSED [ 78%]
tests/test_time_coverage.py::test_specific_weather_transitions PASSED    [ 80%]
tests/test_time_coverage.py::test_moon_illumination_at_exact_midnight PASSED [ 82%]
tests/test_time_coverage.py::test_all_weather_light_modifiers PASSED     [ 83%]
tests/test_time_coverage.py::test_star_positions_day_night PASSED        [ 85%]
tests/test_time_coverage.py::test_star_positions_structure PASSED        [ 87%]
tests/test_time_coverage.py::test_update_weather_transition PASSED       [ 89%]
tests/test_time_integration.py::test_map_time_system_integration PASSED  [ 91%]
tests/test_time_integration.py::test_set_time_updates_lighting PASSED    [ 92%]
tests/test_time_integration.py::test_advance_time PASSED                 [ 94%]
tests/test_time_integration.py::test_z_level_lighting_consistency PASSED [ 96%]
tests/test_time_integration.py::test_weather_affects_lighting PASSED     [ 98%]
tests/test_time_integration.py::test_moon_phase_affects_night_lighting PASSED [100%]

=================================== FAILURES ===================================
______________ TestMultiFloorBuildings.test_variable_floor_sizes _______________

self = <tests.test_multi_floor_buildings.TestMultiFloorBuildings object at 0x7908f7dd1610>

    def test_variable_floor_sizes(self):
        """Test that upper floors can be smaller than ground floors."""
        generator = StructureGenerator(width=50, height=50)
    
        # Set a seed that will trigger the smaller upper floor condition
        building = generator.generate_multi_floor_building(
            x=10, y=10, width=30, height=30,
            floors=3, min_room_size=3,
            structure_type=StructureType.HOUSE,
            seed=123  # Chosen to likely trigger size reduction
        )
    
        # Check if the upper floors are smaller than the ground floor
        ground_floor = building["floor_layouts"][0]
>       gx, gy, gw, gh = ground_floor["footprint"]
E       KeyError: 'footprint'

tests/test_multi_floor_buildings.py:77: KeyError

---------- coverage: platform linux, python 3.12.9-final-0 -----------
Name                            Stmts   Miss  Cover
---------------------------------------------------
src/proto_island/__init__.py        0      0   100%
src/proto_island/cave.py           80      2    98%
src/proto_island/lighting.py       89      3    97%
src/proto_island/map.py           188     14    93%
src/proto_island/structure.py     319     18    94%
src/proto_island/time.py          137      2    99%
---------------------------------------------------
TOTAL                             813     39    95%

=========================== short test summary info ============================
FAILED tests/test_multi_floor_buildings.py::TestMultiFloorBuildings::test_variable_floor_sizes
======================== 1 failed, 55 passed in 11.99s =========================


=== PROJECT DIRECTORY STRUCTURE ===

.
├── date.txt
├── docs
│   ├── island-design-doc.md
│   ├── project_status.md
│   ├── tcod_performance.md
│   ├── tcod_reference.md
│   └── tcod_testing_patterns.md
├── poetry_directory.txt
├── poetry_env_info.txt
├── poetry.lock
├── poetry_pytest.txt
├── poetry_report.txt
├── poetry-script.sh
├── poetry.sh
├── poetry_show.txt
├── pyproject.toml
├── README.md
├── src
│   └── proto_island
│       ├── cave.py
│       ├── __init__.py
│       ├── lighting.py
│       ├── map.py
│       ├── structure.py
│       └── time.py
└── tests
    ├── __init__.py
    ├── test_cave.py
    ├── test_lighting.py
    ├── test_map.py
    ├── test_multi_floor_buildings.py
    ├── test_structure.py
    ├── test_time_coverage.py
    ├── test_time_integration.py
    └── test_time.py

5 directories, 31 files
